TN:
SF:src/components/Form/Button/index.tsx
FN:15,Button
FNF:1
FNH:1
FNDA:2,Button
DA:20,2
LF:1
LH:1
BRF:0
BRH:0
end_of_record
TN:
SF:src/components/Form/CategorySelect/index.tsx
FN:14,CategorySelectButton
FNF:1
FNH:0
FNDA:0,CategorySelectButton
DA:18,0
LF:1
LH:0
BRF:0
BRH:0
end_of_record
TN:
SF:src/components/Form/CategorySelectButton/index.tsx
FN:15,CategorySelectButton
FNF:1
FNH:1
FNDA:1,CategorySelectButton
DA:20,1
LF:1
LH:1
BRF:0
BRH:0
end_of_record
TN:
SF:src/components/Form/Input/index.tsx
FN:10,Input
FNF:1
FNH:1
FNDA:3,Input
DA:14,3
LF:1
LH:1
BRDA:11,0,0,2
BRF:1
BRH:1
end_of_record
TN:
SF:src/components/Form/InputForm/index.tsx
FN:18,InputForm
FN:28,(anonymous_1)
FNF:2
FNH:2
FNDA:2,InputForm
FNDA:2,(anonymous_1)
DA:24,2
DA:29,2
LF:2
LH:2
BRDA:37,0,0,2
BRDA:37,0,1,0
BRF:2
BRH:1
end_of_record
TN:
SF:src/components/Form/TransactionTypeButton/index.tsx
FN:22,TransactionTypeButton
FNF:1
FNH:1
FNDA:2,TransactionTypeButton
DA:11,1
DA:28,2
LF:2
LH:2
BRF:0
BRH:0
end_of_record
TN:
SF:src/components/HighlightCard/index.tsx
FN:27,HighlightCard
FNF:1
FNH:0
FNDA:0,HighlightCard
DA:21,0
DA:33,0
LF:2
LH:0
BRF:0
BRH:0
end_of_record
TN:
SF:src/components/HistoryCard/index.tsx
FN:15,HistoryCard
FNF:1
FNH:0
FNDA:0,HistoryCard
DA:20,0
LF:1
LH:0
BRF:0
BRH:0
end_of_record
TN:
SF:src/components/SignInSocialButton/index.tsx
FN:17,SignInSocialButton
FNF:1
FNH:0
FNDA:0,SignInSocialButton
DA:22,0
LF:1
LH:0
BRF:0
BRH:0
end_of_record
TN:
SF:src/components/TransactionCard/index.tsx
FN:34,TransactionCard
FN:36,(anonymous_1)
FN:39,rightActions
FN:42,(anonymous_3)
FNF:4
FNH:0
FNDA:0,TransactionCard
FNDA:0,(anonymous_1)
FNDA:0,rightActions
FNDA:0,(anonymous_3)
DA:35,0
DA:36,0
DA:40,0
DA:42,0
DA:49,0
LF:5
LH:0
BRDA:59,0,0,0
BRDA:59,0,1,0
BRF:2
BRH:0
end_of_record
TN:
SF:src/hooks/auth.tsx
FN:44,AuthProvider
FN:50,googleSignIn
FN:79,appleSignIn
FN:107,signOut
FN:112,(anonymous_4)
FN:113,loadUserStorageData
FN:138,useAuth
FNF:7
FNH:5
FNDA:7,AuthProvider
FNDA:3,googleSignIn
FNDA:0,appleSignIn
FNDA:0,signOut
FNDA:3,(anonymous_4)
FNDA:3,loadUserStorageData
FNDA:8,useAuth
DA:42,2
DA:45,7
DA:46,7
DA:48,7
DA:51,3
DA:52,3
DA:53,3
DA:55,3
DA:57,3
DA:60,2
DA:61,1
DA:62,1
DA:64,1
DA:71,1
DA:75,1
DA:80,0
DA:81,0
DA:88,0
DA:89,0
DA:90,0
DA:91,0
DA:98,0
DA:99,0
DA:103,0
DA:108,0
DA:109,0
DA:112,7
DA:114,3
DA:116,3
DA:117,0
DA:118,0
DA:120,3
DA:122,3
DA:125,7
DA:139,8
DA:141,8
LF:36
LH:23
BRDA:60,0,0,1
BRDA:60,0,1,1
BRDA:88,1,0,0
BRDA:88,1,1,0
BRDA:116,2,0,0
BRDA:116,2,1,3
BRF:6
BRH:3
end_of_record
TN:
SF:src/routes/app.routes.tsx
FN:13,AppRoutes
FN:33,(anonymous_1)
FN:46,(anonymous_2)
FN:59,(anonymous_3)
FNF:4
FNH:0
FNDA:0,AppRoutes
FNDA:0,(anonymous_1)
FNDA:0,(anonymous_2)
FNDA:0,(anonymous_3)
DA:7,0
DA:14,0
DA:16,0
DA:34,0
DA:47,0
DA:60,0
LF:6
LH:0
BRDA:25,0,0,0
BRDA:25,0,1,0
BRF:2
BRH:0
end_of_record
TN:
SF:src/routes/auth.routes.tsx
FN:8,AuthRoutes
FNF:1
FNH:0
FNDA:0,AuthRoutes
DA:6,0
DA:9,0
LF:2
LH:0
BRF:0
BRH:0
end_of_record
TN:
SF:src/routes/index.tsx
FN:9,Routes
FNF:1
FNH:0
FNDA:0,Routes
DA:10,0
DA:12,0
LF:2
LH:0
BRDA:14,0,0,0
BRDA:14,0,1,0
BRF:2
BRH:0
end_of_record
TN:
SF:src/screens/CategorySelect/index.tsx
FN:30,CategorySelect
FN:36,handleCategorySelect
FN:49,(anonymous_2)
FN:50,(anonymous_3)
FN:52,(anonymous_4)
FN:59,(anonymous_5)
FNF:6
FNH:4
FNDA:1,CategorySelect
FNDA:0,handleCategorySelect
FNDA:8,(anonymous_2)
FNDA:8,(anonymous_3)
FNDA:0,(anonymous_4)
FNDA:7,(anonymous_5)
DA:37,0
DA:40,1
DA:49,8
DA:51,8
DA:52,0
DA:59,7
LF:6
LH:4
BRF:0
BRH:0
end_of_record
TN:
SF:src/screens/Dashboard/index.tsx
FN:52,Dashboard
FN:62,handleDateChange
FN:70,deletingTransaction
FN:76,(anonymous_3)
FN:87,handleDeleteTransaction
FN:96,(anonymous_5)
FN:101,loadTransactions
FN:110,(anonymous_7)
FN:114,(anonymous_8)
FN:144,getLastTransactionDate
FN:150,(anonymous_10)
FN:157,(anonymous_11)
FN:205,(anonymous_12)
FN:209,(anonymous_13)
FN:265,(anonymous_14)
FN:273,(anonymous_15)
FN:280,(anonymous_16)
FN:281,(anonymous_17)
FNF:18
FNH:0
FNDA:0,Dashboard
FNDA:0,handleDateChange
FNDA:0,deletingTransaction
FNDA:0,(anonymous_3)
FNDA:0,handleDeleteTransaction
FNDA:0,(anonymous_5)
FNDA:0,loadTransactions
FNDA:0,(anonymous_7)
FNDA:0,(anonymous_8)
FNDA:0,getLastTransactionDate
FNDA:0,(anonymous_10)
FNDA:0,(anonymous_11)
FNDA:0,(anonymous_12)
FNDA:0,(anonymous_13)
FNDA:0,(anonymous_14)
FNDA:0,(anonymous_15)
FNDA:0,(anonymous_16)
FNDA:0,(anonymous_17)
DA:53,0
DA:54,0
DA:55,0
DA:56,0
DA:58,0
DA:60,0
DA:63,0
DA:64,0
DA:66,0
DA:71,0
DA:72,0
DA:74,0
DA:75,0
DA:76,0
DA:78,0
DA:80,0
DA:81,0
DA:83,0
DA:88,0
DA:96,0
DA:102,0
DA:103,0
DA:104,0
DA:106,0
DA:107,0
DA:109,0
DA:111,0
DA:116,0
DA:117,0
DA:119,0
DA:122,0
DA:128,0
DA:134,0
DA:149,0
DA:150,0
DA:152,0
DA:153,0
DA:155,0
DA:157,0
DA:159,0
DA:162,0
DA:163,0
DA:165,0
DA:166,0
DA:168,0
DA:172,0
DA:174,0
DA:202,0
DA:205,0
DA:206,0
DA:209,0
DA:210,0
DA:213,0
DA:265,0
DA:273,0
DA:280,0
DA:282,0
LF:57
LH:0
BRDA:63,0,0,0
BRDA:63,0,1,0
BRDA:75,1,0,0
BRDA:75,1,1,0
BRDA:104,2,0,0
BRDA:104,2,1,0
BRDA:111,3,0,0
BRDA:111,3,1,0
BRDA:116,4,0,0
BRDA:116,4,1,0
BRDA:152,5,0,0
BRDA:152,5,1,0
BRDA:168,6,0,0
BRDA:168,6,1,0
BRDA:180,7,0,0
BRDA:180,7,1,0
BRDA:189,8,0,0
BRDA:189,8,1,0
BRDA:216,9,0,0
BRDA:216,9,1,0
BRF:20
BRH:0
end_of_record
TN:
SF:src/screens/Profile/index.tsx
FN:9,Profile
FN:31,(anonymous_1)
FNF:2
FNH:1
FNDA:3,Profile
FNDA:0,(anonymous_1)
DA:10,3
LF:1
LH:1
BRF:0
BRH:0
end_of_record
TN:
SF:src/screens/Register/index.tsx
FN:53,Register
FN:78,handleTransactionsTypeSelect
FN:82,handleOpenSelectCategoryModal
FN:83,(anonymous_3)
FN:88,handleCloseSelectCategoryModal
FN:92,handleRegister
FN:169,(anonymous_6)
FN:175,(anonymous_7)
FNF:8
FNH:2
FNDA:1,Register
FNDA:0,handleTransactionsTypeSelect
FNDA:1,handleOpenSelectCategoryModal
FNDA:0,(anonymous_3)
FNDA:0,handleCloseSelectCategoryModal
FNDA:0,handleRegister
FNDA:0,(anonymous_6)
FNDA:0,(anonymous_7)
DA:41,1
DA:54,1
DA:55,1
DA:57,1
DA:59,1
DA:74,1
DA:79,0
DA:83,1
DA:84,0
DA:89,0
DA:93,0
DA:94,0
DA:96,0
DA:97,0
DA:100,0
DA:109,0
DA:110,0
DA:112,0
DA:113,0
DA:115,0
DA:120,0
DA:122,0
DA:123,0
DA:124,0
DA:129,0
DA:132,0
DA:133,0
DA:137,1
DA:169,0
DA:175,0
LF:30
LH:8
BRDA:93,0,0,0
BRDA:93,0,1,0
BRDA:96,1,0,0
BRDA:96,1,1,0
BRDA:113,2,0,0
BRDA:113,2,1,0
BRDA:155,3,0,1
BRDA:155,3,1,0
BRDA:162,4,0,1
BRDA:162,4,1,0
BRF:10
BRH:2
end_of_record
TN:
SF:src/screens/Resume/index.tsx
FN:48,Resume
FN:55,handleDateChange
FN:63,loadData
FN:71,(anonymous_3)
FN:78,(anonymous_4)
FN:86,(anonymous_5)
FN:89,(anonymous_6)
FN:119,(anonymous_7)
FN:147,(anonymous_8)
FN:155,(anonymous_9)
FN:163,(anonymous_10)
FN:178,(anonymous_11)
FNF:12
FNH:0
FNDA:0,Resume
FNDA:0,handleDateChange
FNDA:0,loadData
FNDA:0,(anonymous_3)
FNDA:0,(anonymous_4)
FNDA:0,(anonymous_5)
FNDA:0,(anonymous_6)
FNDA:0,(anonymous_7)
FNDA:0,(anonymous_8)
FNDA:0,(anonymous_9)
FNDA:0,(anonymous_10)
FNDA:0,(anonymous_11)
DA:49,0
DA:50,0
DA:51,0
DA:53,0
DA:54,0
DA:56,0
DA:57,0
DA:59,0
DA:64,0
DA:66,0
DA:67,0
DA:68,0
DA:70,0
DA:72,0
DA:77,0
DA:79,0
DA:82,0
DA:84,0
DA:86,0
DA:87,0
DA:89,0
DA:90,0
DA:91,0
DA:95,0
DA:96,0
DA:102,0
DA:104,0
DA:115,0
DA:116,0
DA:119,0
DA:120,0
DA:124,0
DA:147,0
DA:155,0
DA:163,0
DA:179,0
LF:36
LH:0
BRDA:56,0,0,0
BRDA:56,0,1,0
BRDA:68,1,0,0
BRDA:68,1,1,0
BRDA:72,2,0,0
BRDA:72,2,1,0
BRDA:72,2,2,0
BRDA:90,3,0,0
BRDA:90,3,1,0
BRDA:95,4,0,0
BRDA:95,4,1,0
BRDA:130,5,0,0
BRDA:130,5,1,0
BRF:13
BRH:0
end_of_record
TN:
SF:src/screens/SignIn/index.tsx
FN:24,SignIn
FN:30,handleGoogleSignIn
FN:42,handleAppleSignIn
FNF:3
FNH:0
FNDA:0,SignIn
FNDA:0,handleGoogleSignIn
FNDA:0,handleAppleSignIn
DA:25,0
DA:27,0
DA:28,0
DA:31,0
DA:32,0
DA:33,0
DA:36,0
DA:37,0
DA:38,0
DA:43,0
DA:44,0
DA:45,0
DA:48,0
DA:49,0
DA:50,0
DA:54,0
LF:16
LH:0
BRDA:83,0,0,0
BRDA:83,0,1,0
BRDA:92,1,0,0
BRDA:92,1,1,0
BRF:4
BRH:0
end_of_record
